Copyright 1986-2020 Xilinx, Inc. All Rights Reserved.
------------------------------------------------------------------------------------
| Tool Version : Vivado v.2020.2 (lin64) Build 3064766 Wed Nov 18 09:12:47 MST 2020
| Date         : Wed Feb  3 20:05:43 2021
| Host         : kdeneon-ws3 running 64-bit Ubuntu 18.04.5 LTS
| Command      : upgrade_ip
| Device       : xczu3eg-sfvc784-1-e
------------------------------------------------------------------------------------

Upgrade Log for IP 'holosynthv_zynq_ultra_ps_e_0_0'

1. Summary
----------

SUCCESS in the conversion of holosynthv_zynq_ultra_ps_e_0_0 (xilinx.com:ip:zynq_ultra_ps_e:3.3 (Rev. 3)) to Vivado generation flows.

2. Upgrade messages
-------------------

Set parameter PSU__GPIO_EMIO__PERIPHERAL__IO to value 95 (source 'default')
WARNING: upgrade cannot add parameter PSU__USE__USB3_0_HUB with default value 0 : a parameter called PSU__USE__USB3_0_HUB already exists in zynq_ultra_ps_e_v3_3
WARNING: upgrade cannot add parameter PSU__USE__USB3_1_HUB with default value 0 : a parameter called PSU__USE__USB3_1_HUB already exists in zynq_ultra_ps_e_v3_3
Set parameter PSU__PROTECTION__FPD_SEGMENTS to value SA:0xFD1A0000 ;SIZE:1280;UNIT:KB ;RegionTZ:Secure ;WrAllowed:Read/Write;subsystemId:PMU Firmware     |     SA:0xFD000000 ;SIZE:64;UNIT:KB ;RegionTZ:Secure ;WrAllowed:Read/Write;subsystemId:PMU Firmware     |     SA:0xFD010000 ;SIZE:64;UNIT:KB ;RegionTZ:Secure ;WrAllowed:Read/Write;subsystemId:PMU Firmware     |     SA:0xFD020000 ;SIZE:64;UNIT:KB ;RegionTZ:Secure ;WrAllowed:Read/Write;subsystemId:PMU Firmware     |     SA:0xFD030000 ;SIZE:64;UNIT:KB ;RegionTZ:Secure ;WrAllowed:Read/Write;subsystemId:PMU Firmware     |     SA:0xFD040000 ;SIZE:64;UNIT:KB ;RegionTZ:Secure ;WrAllowed:Read/Write;subsystemId:PMU Firmware     |     SA:0xFD050000 ;SIZE:64;UNIT:KB ;RegionTZ:Secure ;WrAllowed:Read/Write;subsystemId:PMU Firmware     |     SA:0xFD610000 ;SIZE:512;UNIT:KB ;RegionTZ:Secure ;WrAllowed:Read/Write;subsystemId:PMU Firmware     |     SA:0xFD5D0000 ;SIZE:64;UNIT:KB ;RegionTZ:Secure ;WrAllowed:Read/Write;subsystemId:PMU Firmware (source 'default')






Copyright 1986-2020 Xilinx, Inc. All Rights Reserved.
------------------------------------------------------------------------------------
| Tool Version : Vivado v.2020.2 (lin64) Build 3064766 Wed Nov 18 09:12:47 MST 2020
| Date         : Wed Feb  3 20:05:43 2021
| Host         : kdeneon-ws3 running 64-bit Ubuntu 18.04.5 LTS
| Command      : upgrade_ip
| Device       : xczu3eg-sfvc784-1-e
------------------------------------------------------------------------------------

Upgrade Log for IP 'holosynthv_xlslice_0_0'

1. Summary
----------

SUCCESS in the conversion of holosynthv_xlslice_0_0 (xilinx.com:ip:xlslice:1.0 (Rev. 2)) to Vivado generation flows.






Copyright 1986-2020 Xilinx, Inc. All Rights Reserved.
------------------------------------------------------------------------------------
| Tool Version : Vivado v.2020.2 (lin64) Build 3064766 Wed Nov 18 09:12:47 MST 2020
| Date         : Wed Feb  3 20:05:43 2021
| Host         : kdeneon-ws3 running 64-bit Ubuntu 18.04.5 LTS
| Command      : upgrade_ip
| Device       : xczu3eg-sfvc784-1-e
------------------------------------------------------------------------------------

Upgrade Log for IP 'holosynthv_xlconstant_0_0'

1. Summary
----------

SUCCESS in the conversion of holosynthv_xlconstant_0_0 (xilinx.com:ip:xlconstant:1.1 (Rev. 7)) to Vivado generation flows.






Copyright 1986-2020 Xilinx, Inc. All Rights Reserved.
------------------------------------------------------------------------------------
| Tool Version : Vivado v.2020.2 (lin64) Build 3064766 Wed Nov 18 09:12:47 MST 2020
| Date         : Wed Feb  3 20:05:43 2021
| Host         : kdeneon-ws3 running 64-bit Ubuntu 18.04.5 LTS
| Command      : upgrade_ip
| Device       : xczu3eg-sfvc784-1-e
------------------------------------------------------------------------------------

Upgrade Log for IP 'holosynthv_smartconnect_0_0'

1. Summary
----------

SUCCESS in the conversion of holosynthv_smartconnect_0_0 (xilinx.com:ip:smartconnect:1.0 (Rev. 14)) to Vivado generation flows.

After upgrade, an IP may have parameter and port differences compared to the original customization. Please review the parameters within the IP customization GUI to ensure proper functionality. Also, please review the updated IP instantiation template to ensure proper connectivity, and update your design if required.

2. Connection and Interface Information
---------------------------------------

Connection and Interface information can not be compared for deferred elaboration IPs.
holosynthv_smartconnect_0_0 may have connection or interface changes.







Copyright 1986-2020 Xilinx, Inc. All Rights Reserved.
------------------------------------------------------------------------------------
| Tool Version : Vivado v.2020.2 (lin64) Build 3064766 Wed Nov 18 09:12:47 MST 2020
| Date         : Wed Feb  3 20:05:43 2021
| Host         : kdeneon-ws3 running 64-bit Ubuntu 18.04.5 LTS
| Command      : upgrade_ip
| Device       : xczu3eg-sfvc784-1-e
------------------------------------------------------------------------------------

Upgrade Log for IP 'holosynthv_rst_ps8_0_99M_0'

1. Summary
----------

SUCCESS in the conversion of holosynthv_rst_ps8_0_99M_0 (xilinx.com:ip:proc_sys_reset:5.0 (Rev. 13)) to Vivado generation flows.






Copyright 1986-2020 Xilinx, Inc. All Rights Reserved.
------------------------------------------------------------------------------------
| Tool Version : Vivado v.2020.2 (lin64) Build 3064766 Wed Nov 18 09:12:47 MST 2020
| Date         : Wed Feb  3 20:05:43 2021
| Host         : kdeneon-ws3 running 64-bit Ubuntu 18.04.5 LTS
| Command      : upgrade_ip
| Device       : xczu3eg-sfvc784-1-e
------------------------------------------------------------------------------------

Upgrade Log for IP 'holosynthv_holosynth_audio_0'

1. Summary
----------

SUCCESS in the conversion of holosynthv_holosynth_audio_0 (machinekit.io:user:hm2_axilite_int:1.0 (Rev. 10)) to Vivado generation flows.






Copyright 1986-2020 Xilinx, Inc. All Rights Reserved.
------------------------------------------------------------------------------------
| Tool Version : Vivado v.2020.2 (lin64) Build 3064766 Wed Nov 18 09:12:47 MST 2020
| Date         : Wed Feb  3 20:05:43 2021
| Host         : kdeneon-ws3 running 64-bit Ubuntu 18.04.5 LTS
| Command      : upgrade_ip
| Device       : xczu3eg-sfvc784-1-e
------------------------------------------------------------------------------------

Upgrade Log for IP 'holosynthv_holosynth_0_0'

1. Summary
----------

SUCCESS in the conversion of holosynthv_holosynth_0_0 (xilinx.com:module_ref:holosynth:1.0 (Rev. 1)) to Vivado generation flows.






Copyright 1986-2020 Xilinx, Inc. All Rights Reserved.
------------------------------------------------------------------------------------
| Tool Version : Vivado v.2020.2 (lin64) Build 3064766 Wed Nov 18 09:12:47 MST 2020
| Date         : Wed Feb  3 20:05:43 2021
| Host         : kdeneon-ws3 running 64-bit Ubuntu 18.04.5 LTS
| Command      : upgrade_ip
| Device       : xczu3eg-sfvc784-1-e
------------------------------------------------------------------------------------

Upgrade Log for IP 'holosynthv_hm2_axilite_int_1_0'

1. Summary
----------

SUCCESS in the conversion of holosynthv_hm2_axilite_int_1_0 (machinekit.io:user:hm2_axilite_int:1.0 (Rev. 10)) to Vivado generation flows.






Copyright 1986-2020 Xilinx, Inc. All Rights Reserved.
------------------------------------------------------------------------------------
| Tool Version : Vivado v.2020.2 (lin64) Build 3064766 Wed Nov 18 09:12:47 MST 2020
| Date         : Wed Feb  3 20:05:42 2021
| Host         : kdeneon-ws3 running 64-bit Ubuntu 18.04.5 LTS
| Command      : upgrade_ip
| Device       : xczu3eg-sfvc784-1-e
------------------------------------------------------------------------------------

Upgrade Log for IP 'holosynthv_hm2_axilite_int_0_0'

1. Summary
----------

SUCCESS in the conversion of holosynthv_hm2_axilite_int_0_0 (machinekit.io:user:hm2_axilite_int:1.0 (Rev. 10)) to Vivado generation flows.






Copyright 1986-2020 Xilinx, Inc. All Rights Reserved.
------------------------------------------------------------------------------------
| Tool Version : Vivado v.2020.2 (lin64) Build 3064766 Wed Nov 18 09:12:47 MST 2020
| Date         : Wed Feb  3 20:05:42 2021
| Host         : kdeneon-ws3 running 64-bit Ubuntu 18.04.5 LTS
| Command      : upgrade_ip
| Device       : xczu3eg-sfvc784-1-e
------------------------------------------------------------------------------------

Upgrade Log for IP 'holosynthv_fifo_generator_1_0'

1. Summary
----------

SUCCESS in the conversion of holosynthv_fifo_generator_1_0 (xilinx.com:ip:fifo_generator:13.2 (Rev. 5)) to Vivado generation flows.






Copyright 1986-2020 Xilinx, Inc. All Rights Reserved.
------------------------------------------------------------------------------------
| Tool Version : Vivado v.2020.2 (lin64) Build 3064766 Wed Nov 18 09:12:47 MST 2020
| Date         : Wed Feb  3 20:05:42 2021
| Host         : kdeneon-ws3 running 64-bit Ubuntu 18.04.5 LTS
| Command      : upgrade_ip
| Device       : xczu3eg-sfvc784-1-e
------------------------------------------------------------------------------------

Upgrade Log for IP 'holosynthv_fifo_generator_0_0'

1. Summary
----------

SUCCESS in the conversion of holosynthv_fifo_generator_0_0 (xilinx.com:ip:fifo_generator:13.2 (Rev. 5)) to Vivado generation flows.






Copyright 1986-2020 Xilinx, Inc. All Rights Reserved.
------------------------------------------------------------------------------------
| Tool Version : Vivado v.2020.2 (lin64) Build 3064766 Wed Nov 18 09:12:47 MST 2020
| Date         : Wed Feb  3 20:05:42 2021
| Host         : kdeneon-ws3 running 64-bit Ubuntu 18.04.5 LTS
| Command      : upgrade_ip
| Device       : xczu3eg-sfvc784-1-e
------------------------------------------------------------------------------------

Upgrade Log for IP 'holosynthv_clk_wiz_0_0'

1. Summary
----------

SUCCESS in the conversion of holosynthv_clk_wiz_0_0 (xilinx.com:ip:clk_wiz:6.0 (Rev. 6)) to Vivado generation flows.






Copyright 1986-2020 Xilinx, Inc. All Rights Reserved.
------------------------------------------------------------------------------------
| Tool Version : Vivado v.2020.2 (lin64) Build 3064766 Wed Nov 18 09:12:47 MST 2020
| Date         : Wed Feb  3 20:05:42 2021
| Host         : kdeneon-ws3 running 64-bit Ubuntu 18.04.5 LTS
| Command      : upgrade_ip
| Device       : xczu3eg-sfvc784-1-e
------------------------------------------------------------------------------------

Upgrade Log for IP 'holosynthv_audio_mux_0_0'

1. Summary
----------

SUCCESS in the conversion of holosynthv_audio_mux_0_0 (xilinx.com:module_ref:audio_mux:1.0 (Rev. 1)) to Vivado generation flows.






Copyright 1986-2020 Xilinx, Inc. All Rights Reserved.
------------------------------------------------------------------------------------
| Tool Version : Vivado v.2020.2 (lin64) Build 3064766 Wed Nov 18 09:12:47 MST 2020
| Date         : Wed Feb  3 20:05:42 2021
| Host         : kdeneon-ws3 running 64-bit Ubuntu 18.04.5 LTS
| Command      : upgrade_ip
| Device       : xczu3eg-sfvc784-1-e
------------------------------------------------------------------------------------

Upgrade Log for IP 'holosynthv_audio_i2s_driver_0_0'

1. Summary
----------

SUCCESS in the conversion of holosynthv_audio_i2s_driver_0_0 (xilinx.com:module_ref:audio_i2s_driver:1.0 (Rev. 1)) to Vivado generation flows.






Copyright 1986-2020 Xilinx, Inc. All Rights Reserved.
------------------------------------------------------------------------------------
| Tool Version : Vivado v.2020.2 (lin64) Build 3064766 Wed Nov 18 09:12:47 MST 2020
| Date         : Wed Feb  3 20:05:42 2021
| Host         : kdeneon-ws3 running 64-bit Ubuntu 18.04.5 LTS
| Command      : upgrade_ip
| Device       : xczu3eg-sfvc784-1-e
------------------------------------------------------------------------------------

Upgrade Log for IP 'holosynthv_audio_clk_mux_core_0_0'

1. Summary
----------

SUCCESS in the conversion of holosynthv_audio_clk_mux_core_0_0 (xilinx.com:module_ref:audio_clk_mux_core:1.0 (Rev. 1)) to Vivado generation flows.

